[2018-07-17T11:42:20.913] [ERROR] cheese - In This Test log-dir is : './logs/log_test/'
[2018-07-17T11:42:47.832] [ERROR] cheese - In This Test log-dir is : './logs/log_test/'
[2018-07-17T12:54:09.139] [ERROR] cheese - In This Test log-dir is : './logs/log_test/'
[2018-07-17T12:55:37.332] [ERROR] cheese - { name: '微信图片_20180706111450.jpg',
  path: 'upload\\j7BbTP4wyCQsPda7nbDEUm8n.jpg',
  headers: 
   { 'content-disposition': 'form-data; name="file"; filename="微信图片_20180706111450.jpg"',
     'content-type': 'image/jpeg' },
  size: 205070,
  uploadTime: '2018-7-17 12:55:37' }
[2018-07-17T12:56:25.012] [ERROR] cheese - { name: '微信图片编辑_20180623155949.jpg',
  path: 'upload\\0V7hHbr1tAckOBtzajgeLH76.jpg',
  headers: 
   { 'content-disposition': 'form-data; name="file"; filename="微信图片编辑_20180623155949.jpg"',
     'content-type': 'image/jpeg' },
  size: 63125,
  uploadTime: '2018-7-17 12:56:25' }
[2018-07-17T13:48:28.213] [ERROR] cheese - { name: '微信图片_20180623134505.jpg',
  path: 'upload\\X6CpngWmvAk0JzJmQ2A4xZMI.jpg',
  headers: 
   { 'content-disposition': 'form-data; name="file"; filename="微信图片_20180623134505.jpg"',
     'content-type': 'image/jpeg' },
  size: 175462,
  uploadTime: '2018-7-17 13:48:28' }
[2018-07-17T13:51:14.234] [ERROR] cheese - { name: '微信图片编辑_20180623155949.jpg',
  path: 'upload\\dpNFT90D31nzBPLZdVbazVpH.jpg',
  headers: 
   { 'content-disposition': 'form-data; name="file"; filename="微信图片编辑_20180623155949.jpg"',
     'content-type': 'image/jpeg' },
  size: 63125,
  uploadTime: '2018-7-17 13:51:14' }
[2018-07-17T13:51:29.957] [ERROR] cheese - { name: '微信图片编辑_20180623155949.jpg',
  path: 'upload\\4m_AZAIReOeGskB1auCSV59U.jpg',
  headers: 
   { 'content-disposition': 'form-data; name="file"; filename="微信图片编辑_20180623155949.jpg"',
     'content-type': 'image/jpeg' },
  size: 63125,
  uploadTime: '2018-7-17 13:51:29' }
[2018-07-17T17:14:12.727] [ERROR] cheese - { name: '微信图片_20180623134458.jpg',
  path: 'upload\\y25_fRqOXFOsOGdAeaBomYFv.jpg',
  headers: 
   { 'content-disposition': 'form-data; name="file"; filename="微信图片_20180623134458.jpg"',
     'content-type': 'image/jpeg' },
  size: 130542,
  uploadTime: '2018-7-17 17:14:12' }
[2018-07-17T17:16:31.974] [ERROR] cheese - { name: '微信图片_20180623134505.jpg',
  path: 'upload\\FY_gtEsdTmMXE-2ND4vcqQZG.jpg',
  headers: 
   { 'content-disposition': 'form-data; name="file"; filename="微信图片_20180623134505.jpg"',
     'content-type': 'image/jpeg' },
  size: 175462,
  uploadTime: '2018-7-17 17:16:31' }
[2018-07-17T17:17:13.318] [ERROR] cheese - { name: '微信图片_20180623134458.jpg',
  path: 'upload\\6Q37n-o7ixlhijOWaH69RkJq.jpg',
  headers: 
   { 'content-disposition': 'form-data; name="file"; filename="微信图片_20180623134458.jpg"',
     'content-type': 'image/jpeg' },
  size: 130542,
  uploadTime: '2018-7-17 17:17:13' }
[2018-07-17T17:18:00.624] [ERROR] cheese - { name: '微信图片_20180623134458.jpg',
  path: 'upload\\5KWFFu8Oo1l4wdbJBh6ek1GC.jpg',
  headers: 
   { 'content-disposition': 'form-data; name="file"; filename="微信图片_20180623134458.jpg"',
     'content-type': 'image/jpeg' },
  size: 130542,
  uploadTime: '2018-7-17 17:18:00' }
[2018-07-17T17:22:33.865] [ERROR] cheese - { name: '微信图片_20180623134458.jpg',
  path: 'upload\\AfJI3uvDeGY-ZLaNOY667k0y.jpg',
  headers: 
   { 'content-disposition': 'form-data; name="file"; filename="微信图片_20180623134458.jpg"',
     'content-type': 'image/jpeg' },
  size: 130542,
  uploadTime: '2018-7-17 17:22:33' }
[2018-07-17T17:23:10.549] [ERROR] cheese - { name: '微信图片_20180623134458.jpg',
  path: 'upload\\FWWrfBC5wZY61ZOVMYIGP4jo.jpg',
  headers: 
   { 'content-disposition': 'form-data; name="file"; filename="微信图片_20180623134458.jpg"',
     'content-type': 'image/jpeg' },
  size: 130542,
  uploadTime: '2018-7-17 17:23:10' }
[2018-07-17T17:23:41.214] [ERROR] cheese - { name: '微信图片_20180623134458.jpg',
  path: 'upload\\lVRY9Lg7c4A4e4gp3h38aIbQ.jpg',
  headers: 
   { 'content-disposition': 'form-data; name="file"; filename="微信图片_20180623134458.jpg"',
     'content-type': 'image/jpeg' },
  size: 130542,
  uploadTime: '2018-7-17 17:23:41' }
[2018-07-17T17:26:34.514] [ERROR] cheese - { name: '微信图片_20180623134458.jpg',
  path: 'upload\\K0tpv-PnwE8l_Ynm66wE65z3.jpg',
  headers: 
   { 'content-disposition': 'form-data; name="file"; filename="微信图片_20180623134458.jpg"',
     'content-type': 'image/jpeg' },
  size: 130542,
  uploadTime: '2018-7-17 17:26:34' }
[2018-07-17T17:26:41.713] [ERROR] cheese - { name: '微信图片_20180623134458.jpg',
  path: 'upload\\Nb_J-BhlWCagF2M5dVE6YEW2.jpg',
  headers: 
   { 'content-disposition': 'form-data; name="file"; filename="微信图片_20180623134458.jpg"',
     'content-type': 'image/jpeg' },
  size: 130542,
  uploadTime: '2018-7-17 17:26:41' }
[2018-07-17T17:28:27.680] [ERROR] cheese - { name: '微信图片_20180623134458.jpg',
  path: 'upload\\jTmlZCty114k6o6bePbW2DnR.jpg',
  headers: 
   { 'content-disposition': 'form-data; name="file"; filename="微信图片_20180623134458.jpg"',
     'content-type': 'image/jpeg' },
  size: 130542,
  uploadTime: '2018-7-17 17:28:27' }
[2018-07-17T17:28:44.299] [ERROR] cheese - { name: '微信图片_20180623134458.jpg',
  path: 'upload\\ma6Sg6X0hbn_c9QlOnVs0cJz.jpg',
  headers: 
   { 'content-disposition': 'form-data; name="file"; filename="微信图片_20180623134458.jpg"',
     'content-type': 'image/jpeg' },
  size: 130542,
  uploadTime: '2018-7-17 17:28:44' }
[2018-07-17T17:30:05.195] [ERROR] cheese - { name: '微信图片_20180623134458.jpg',
  path: 'upload\\oTqAhDGqhywOdRtT7eq0fTUy.jpg',
  headers: 
   { 'content-disposition': 'form-data; name="file"; filename="微信图片_20180623134458.jpg"',
     'content-type': 'image/jpeg' },
  size: 130542,
  uploadTime: '2018-7-17 17:30:05' }
[2018-07-17T17:30:15.307] [ERROR] cheese - { name: '微信图片_20180623134458.jpg',
  path: 'upload\\veY5JtJ4HWXdvIy_s_tesM5K.jpg',
  headers: 
   { 'content-disposition': 'form-data; name="file"; filename="微信图片_20180623134458.jpg"',
     'content-type': 'image/jpeg' },
  size: 130542,
  uploadTime: '2018-7-17 17:30:15' }
[2018-07-17T17:33:51.358] [ERROR] cheese - { name: '微信图片_20180623134458.jpg',
  path: 'upload\\Hy10o5d0fMcByi8wgN9rP9Tb.jpg',
  headers: 
   { 'content-disposition': 'form-data; name="file"; filename="微信图片_20180623134458.jpg"',
     'content-type': 'image/jpeg' },
  size: 130542,
  uploadTime: '2018-7-17 17:33:51' }
[2018-07-17T17:35:51.358] [ERROR] cheese - { name: '微信图片_20180623134458.jpg',
  path: 'upload\\k95JcVm6QeGRx3o0LFEGgFO7.jpg',
  headers: 
   { 'content-disposition': 'form-data; name="file"; filename="微信图片_20180623134458.jpg"',
     'content-type': 'image/jpeg' },
  size: 130542,
  uploadTime: '2018-7-17 17:35:51' }
[2018-07-17T17:36:07.895] [ERROR] cheese - { name: '微信图片_20180623134458.jpg',
  path: 'upload\\kdZy99BCb2_9a3E5Uda14see.jpg',
  headers: 
   { 'content-disposition': 'form-data; name="file"; filename="微信图片_20180623134458.jpg"',
     'content-type': 'image/jpeg' },
  size: 130542,
  uploadTime: '2018-7-17 17:36:07' }
[2018-07-17T17:37:00.002] [ERROR] cheese - { name: '微信图片_20180623134458.jpg',
  path: 'upload\\Cy49-EEZGfzCDbRzDvT9ycSw.jpg',
  headers: 
   { 'content-disposition': 'form-data; name="file"; filename="微信图片_20180623134458.jpg"',
     'content-type': 'image/jpeg' },
  size: 130542,
  uploadTime: '2018-7-17 17:36:59' }
[2018-07-17T17:37:24.343] [ERROR] cheese - { name: '微信图片_20180623134458.jpg',
  path: 'upload\\xfzW9K4CG2_Zoiki_D6DoVqU.jpg',
  headers: 
   { 'content-disposition': 'form-data; name="file"; filename="微信图片_20180623134458.jpg"',
     'content-type': 'image/jpeg' },
  size: 130542,
  uploadTime: '2018-7-17 17:37:24' }
[2018-07-17T17:37:32.323] [ERROR] cheese - { name: '微信图片_20180623134458.jpg',
  path: 'upload\\o98680XU3r9sB20VYVADJVKf.jpg',
  headers: 
   { 'content-disposition': 'form-data; name="file"; filename="微信图片_20180623134458.jpg"',
     'content-type': 'image/jpeg' },
  size: 130542,
  uploadTime: '2018-7-17 17:37:32' }
[2018-07-17T17:38:13.023] [ERROR] cheese - { name: '微信图片_20180623134458.jpg',
  path: 'upload\\OBt2IQuJZDgNYtRhdRrqad-T.jpg',
  headers: 
   { 'content-disposition': 'form-data; name="file"; filename="微信图片_20180623134458.jpg"',
     'content-type': 'image/jpeg' },
  size: 130542,
  uploadTime: '2018-7-17 17:38:13' }
[2018-07-17T17:38:24.149] [ERROR] cheese - { name: '微信图片_20180623134458.jpg',
  path: 'upload\\bchCdtfkTHPvGO57ZvMwU-1n.jpg',
  headers: 
   { 'content-disposition': 'form-data; name="file"; filename="微信图片_20180623134458.jpg"',
     'content-type': 'image/jpeg' },
  size: 130542,
  uploadTime: '2018-7-17 17:38:24' }
[2018-07-17T17:39:05.635] [ERROR] cheese - { name: '微信图片_20180623134458.jpg',
  path: 'upload\\IrSYSsvny5fuylVeZpfNLmZH.jpg',
  headers: 
   { 'content-disposition': 'form-data; name="file"; filename="微信图片_20180623134458.jpg"',
     'content-type': 'image/jpeg' },
  size: 130542,
  uploadTime: '2018-7-17 17:39:05' }
[2018-07-17T17:39:08.100] [ERROR] cheese - { name: '微信图片_20180623134458.jpg',
  path: 'upload\\cZ4Zrz7WKVmhiYWBZE3f0z7c.jpg',
  headers: 
   { 'content-disposition': 'form-data; name="file"; filename="微信图片_20180623134458.jpg"',
     'content-type': 'image/jpeg' },
  size: 130542,
  uploadTime: '2018-7-17 17:39:08' }
[2018-07-17T17:39:23.112] [ERROR] cheese - { name: '微信图片编辑_20180623155949.jpg',
  path: 'upload\\uiikHB2WJIoXL-QZIz2v5itt.jpg',
  headers: 
   { 'content-disposition': 'form-data; name="file"; filename="微信图片编辑_20180623155949.jpg"',
     'content-type': 'image/jpeg' },
  size: 63125,
  uploadTime: '2018-7-17 17:39:23' }
[2018-07-17T17:39:52.038] [ERROR] cheese - { name: '微信图片编辑_20180623155949.jpg',
  path: 'upload\\zkR39O5wckL_nCAg9jcbFBS2.jpg',
  headers: 
   { 'content-disposition': 'form-data; name="file"; filename="微信图片编辑_20180623155949.jpg"',
     'content-type': 'image/jpeg' },
  size: 63125,
  uploadTime: '2018-7-17 17:39:52' }
[2018-07-17T17:40:00.484] [ERROR] cheese - { name: '微信图片_20180623134458.jpg',
  path: 'upload\\vZNzOHvRDAspTRh2QzgN0_Cq.jpg',
  headers: 
   { 'content-disposition': 'form-data; name="file"; filename="微信图片_20180623134458.jpg"',
     'content-type': 'image/jpeg' },
  size: 130542,
  uploadTime: '2018-7-17 17:40:00' }
[2018-07-17T17:40:42.293] [ERROR] cheese - { name: '微信图片_20180623134458.jpg',
  path: 'upload\\yIPYtkvwfddKhqCIWNhP2Qg-.jpg',
  headers: 
   { 'content-disposition': 'form-data; name="file"; filename="微信图片_20180623134458.jpg"',
     'content-type': 'image/jpeg' },
  size: 130542,
  uploadTime: '2018-7-17 17:40:42' }
[2018-07-17T17:41:01.505] [ERROR] cheese - { name: '微信图片_20180623134458.jpg',
  path: 'upload\\xySGXOVkZkrOFw4eQG2kIDUQ.jpg',
  headers: 
   { 'content-disposition': 'form-data; name="file"; filename="微信图片_20180623134458.jpg"',
     'content-type': 'image/jpeg' },
  size: 130542,
  uploadTime: '2018-7-17 17:41:01' }
[2018-07-17T17:41:41.447] [ERROR] cheese - { name: '微信图片_20180623134458.jpg',
  path: 'upload\\QYx20t_hVmGpf2JuKQj3ND8d.jpg',
  headers: 
   { 'content-disposition': 'form-data; name="file"; filename="微信图片_20180623134458.jpg"',
     'content-type': 'image/jpeg' },
  size: 130542,
  uploadTime: '2018-7-17 17:41:41' }
[2018-07-17T17:41:53.682] [ERROR] cheese - { name: '微信图片_20180623134458.jpg',
  path: 'upload\\8asx1xd0duqXiI6qBJLNGDzM.jpg',
  headers: 
   { 'content-disposition': 'form-data; name="file"; filename="微信图片_20180623134458.jpg"',
     'content-type': 'image/jpeg' },
  size: 130542,
  uploadTime: '2018-7-17 17:41:53' }
[2018-07-17T17:42:25.337] [ERROR] cheese - { name: '微信图片_20180623134458.jpg',
  path: 'upload\\S9g7tWcRWNQ5HAYf_Nrfh8_u.jpg',
  headers: 
   { 'content-disposition': 'form-data; name="file"; filename="微信图片_20180623134458.jpg"',
     'content-type': 'image/jpeg' },
  size: 130542,
  uploadTime: '2018-7-17 17:42:25' }
[2018-07-17T17:42:58.442] [ERROR] cheese - { name: '微信图片_20180623134458.jpg',
  path: 'upload\\iROfH6szGzdAVqpL0bpPLlDd.jpg',
  headers: 
   { 'content-disposition': 'form-data; name="file"; filename="微信图片_20180623134458.jpg"',
     'content-type': 'image/jpeg' },
  size: 130542,
  uploadTime: '2018-7-17 17:42:58' }
[2018-07-17T17:43:21.445] [ERROR] cheese - { name: '微信图片_20180623134458.jpg',
  path: 'upload\\m_N9m-MyTM_jU1o8Qgz3VQIC.jpg',
  headers: 
   { 'content-disposition': 'form-data; name="file"; filename="微信图片_20180623134458.jpg"',
     'content-type': 'image/jpeg' },
  size: 130542,
  uploadTime: '2018-7-17 17:43:21' }
[2018-07-17T17:43:38.064] [ERROR] cheese - { name: '微信图片_20180623134458.jpg',
  path: 'upload\\7Iiovr2bMnPzsnM2gCMXadr-.jpg',
  headers: 
   { 'content-disposition': 'form-data; name="file"; filename="微信图片_20180623134458.jpg"',
     'content-type': 'image/jpeg' },
  size: 130542,
  uploadTime: '2018-7-17 17:43:38' }
[2018-07-17T17:44:09.645] [ERROR] cheese - { name: '微信图片_20180623134458.jpg',
  path: 'upload\\sBdhF-hTxru2Y6KQCryIVIWA.jpg',
  headers: 
   { 'content-disposition': 'form-data; name="file"; filename="微信图片_20180623134458.jpg"',
     'content-type': 'image/jpeg' },
  size: 130542,
  uploadTime: '2018-7-17 17:44:09' }
[2018-07-17T17:44:26.540] [ERROR] cheese - { name: '微信图片_20180623134458.jpg',
  path: 'upload\\ebbtJOwd9DVVHQIXxugFHwnc.jpg',
  headers: 
   { 'content-disposition': 'form-data; name="file"; filename="微信图片_20180623134458.jpg"',
     'content-type': 'image/jpeg' },
  size: 130542,
  uploadTime: '2018-7-17 17:44:26' }
[2018-07-17T17:44:48.319] [ERROR] cheese - { name: '微信图片_20180623134458.jpg',
  path: 'upload\\kmUmGqR9WCd0NRGMyzruO1YM.jpg',
  headers: 
   { 'content-disposition': 'form-data; name="file"; filename="微信图片_20180623134458.jpg"',
     'content-type': 'image/jpeg' },
  size: 130542,
  uploadTime: '2018-7-17 17:44:48' }
[2018-07-17T17:44:54.156] [ERROR] cheese - { name: '微信图片_20180623134458.jpg',
  path: 'upload\\aP7AXDUVwOqIGXuRxqhun24c.jpg',
  headers: 
   { 'content-disposition': 'form-data; name="file"; filename="微信图片_20180623134458.jpg"',
     'content-type': 'image/jpeg' },
  size: 130542,
  uploadTime: '2018-7-17 17:44:54' }
[2018-07-17T17:45:50.636] [ERROR] cheese - { name: '微信图片_20180623134458.jpg',
  path: 'upload\\UbnIvWT8Oeg9m0voVM07OIEy.jpg',
  headers: 
   { 'content-disposition': 'form-data; name="file"; filename="微信图片_20180623134458.jpg"',
     'content-type': 'image/jpeg' },
  size: 130542,
  uploadTime: '2018-7-17 17:45:50' }
[2018-07-17T17:48:04.374] [ERROR] cheese - { name: '微信图片_20180623134505.jpg',
  path: 'upload\\PI3QAoisjW6UzAgByO7bvdx7.jpg',
  headers: 
   { 'content-disposition': 'form-data; name="file"; filename="微信图片_20180623134505.jpg"',
     'content-type': 'image/jpeg' },
  size: 175462,
  uploadTime: '2018-7-17 17:48:04' }
[2018-07-17T17:51:01.483] [ERROR] cheese - { name: '微信图片_20180623134458.jpg',
  path: 'upload\\WIlECEQDSvAFJTppe-yFex1H.jpg',
  headers: 
   { 'content-disposition': 'form-data; name="file"; filename="微信图片_20180623134458.jpg"',
     'content-type': 'image/jpeg' },
  size: 130542,
  uploadTime: '2018-7-17 17:51:01' }
[2018-07-17T17:51:16.379] [ERROR] cheese - { name: '微信图片_20180623134458.jpg',
  path: 'upload\\0P8EVBvJpLugeuvmEtOcO_ON.jpg',
  headers: 
   { 'content-disposition': 'form-data; name="file"; filename="微信图片_20180623134458.jpg"',
     'content-type': 'image/jpeg' },
  size: 130542,
  uploadTime: '2018-7-17 17:51:16' }
[2018-07-17T17:51:58.114] [ERROR] cheese - { name: '微信图片_20180623134458.jpg',
  path: 'upload\\aOhY-FUD4A1Z3xTLsQlGz1wx.jpg',
  headers: 
   { 'content-disposition': 'form-data; name="file"; filename="微信图片_20180623134458.jpg"',
     'content-type': 'image/jpeg' },
  size: 130542,
  uploadTime: '2018-7-17 17:51:58' }
[2018-07-17T17:52:04.126] [ERROR] cheese - { name: '微信图片_20180623134458.jpg',
  path: 'upload\\V36VmhfbJVoBRdnGhbDUVc8x.jpg',
  headers: 
   { 'content-disposition': 'form-data; name="file"; filename="微信图片_20180623134458.jpg"',
     'content-type': 'image/jpeg' },
  size: 130542,
  uploadTime: '2018-7-17 17:52:04' }
[2018-07-17T17:53:07.817] [ERROR] cheese - { name: '微信图片编辑_20180623155949.jpg',
  path: 'upload\\dlIMfLwMgY2PLKk2gctPN7to.jpg',
  headers: 
   { 'content-disposition': 'form-data; name="file"; filename="微信图片编辑_20180623155949.jpg"',
     'content-type': 'image/jpeg' },
  size: 63125,
  uploadTime: '2018-7-17 17:53:07' }
[2018-07-17T17:53:14.511] [ERROR] cheese - { name: '微信图片编辑_20180623155949.jpg',
  path: 'upload\\CfUy0Xv3SRMLI5xNky5d3p6d.jpg',
  headers: 
   { 'content-disposition': 'form-data; name="file"; filename="微信图片编辑_20180623155949.jpg"',
     'content-type': 'image/jpeg' },
  size: 63125,
  uploadTime: '2018-7-17 17:53:14' }
[2018-07-17T17:53:20.472] [ERROR] cheese - { name: '微信图片_20180623134458.jpg',
  path: 'upload\\wkdUB-3BCbX_dsayujlr_R_r.jpg',
  headers: 
   { 'content-disposition': 'form-data; name="file"; filename="微信图片_20180623134458.jpg"',
     'content-type': 'image/jpeg' },
  size: 130542,
  uploadTime: '2018-7-17 17:53:20' }
[2018-07-17T17:55:57.872] [ERROR] cheese - { name: '58fffa5f4f731.jpg',
  path: 'upload\\FQOyUoKIapYjBnvJy-c4WuFF.jpg',
  headers: 
   { 'content-disposition': 'form-data; name="file"; filename="58fffa5f4f731.jpg"',
     'content-type': 'image/jpeg' },
  size: 670204,
  uploadTime: '2018-7-17 17:55:57' }
[2018-07-17T17:57:55.004] [ERROR] cheese - { name: '3.jpg',
  path: 'upload\\rKedF4iWQeBLI52sWccH07Z9.jpg',
  headers: 
   { 'content-disposition': 'form-data; name="file"; filename="3.jpg"',
     'content-type': 'image/jpeg' },
  size: 3546508,
  uploadTime: '2018-7-17 17:57:55' }
[2018-07-17T17:58:11.518] [ERROR] cheese - { name: '微信图片_20180711230043.jpg',
  path: 'upload\\cLBhFXi6o3gY-YTbak1ZVC0e.jpg',
  headers: 
   { 'content-disposition': 'form-data; name="file"; filename="微信图片_20180711230043.jpg"',
     'content-type': 'image/jpeg' },
  size: 1295684,
  uploadTime: '2018-7-17 17:58:11' }
[2018-07-18T16:38:09.612] [ERROR] cheese - { name: '2.jpg',
  path: 'upload\\NkH6MotcTBdoASH9kiVbEs-f.jpg',
  headers: 
   { 'content-disposition': 'form-data; name="file"; filename="2.jpg"',
     'content-type': 'image/jpeg' },
  size: 4282451,
  uploadTime: '2018-7-18 16:38:09' }
[2018-07-18T17:41:19.791] [ERROR] cheese - { name: '1.jpg',
  path: 'upload\\6VAhIUF1F-EcD15nHP0hydjG.jpg',
  headers: 
   { 'content-disposition': 'form-data; name="file"; filename="1.jpg"',
     'content-type': 'image/jpeg' },
  size: 4210654,
  uploadTime: '2018-7-18 17:41:19' }
[2018-07-18T17:47:18.285] [ERROR] cheese - { name: '58fffa5f4f731.jpg',
  path: 'upload\\MfhJKFxnHc64CnhGOt8wYiYL.jpg',
  headers: 
   { 'content-disposition': 'form-data; name="file"; filename="58fffa5f4f731.jpg"',
     'content-type': 'image/jpeg' },
  size: 670204,
  uploadTime: '2018-7-18 17:47:18' }
[2018-07-18T17:48:43.599] [ERROR] cheese - { name: '1.jpg',
  path: 'upload\\cP70Zr0isxbgO1QdM1oi2_Cu.jpg',
  headers: 
   { 'content-disposition': 'form-data; name="file"; filename="1.jpg"',
     'content-type': 'image/jpeg' },
  size: 4210654,
  uploadTime: '2018-7-18 17:48:43' }
[2018-07-19T11:06:53.302] [ERROR] cheese - { name: '1.jpg',
  path: 'upload\\G5yG2uPUobDEX3gMIta68Uq9.jpg',
  headers: 
   { 'content-disposition': 'form-data; name="file"; filename="1.jpg"',
     'content-type': 'image/jpeg' },
  size: 4210654,
  uploadTime: '2018-7-19 11:06:53' }
[2018-07-19T11:07:14.899] [ERROR] cheese - { name: '2.jpg',
  path: 'upload\\DISmPkyDWNNL1cqljiSCuR4l.jpg',
  headers: 
   { 'content-disposition': 'form-data; name="file"; filename="2.jpg"',
     'content-type': 'image/jpeg' },
  size: 4282451,
  uploadTime: '2018-7-19 11:07:14' }
[2018-07-19T11:07:27.719] [ERROR] cheese - { name: '3.jpg',
  path: 'upload\\TLMitU6fBYk3yMLdgEwSP_vG.jpg',
  headers: 
   { 'content-disposition': 'form-data; name="file"; filename="3.jpg"',
     'content-type': 'image/jpeg' },
  size: 3546508,
  uploadTime: '2018-7-19 11:07:27' }
[2018-07-19T11:08:09.851] [ERROR] cheese - { name: 'lol娑娜大胸白丝4k壁纸_彼岸图网.jpg',
  path: 'upload\\Y3z7QMcn7XewVQNjAyiAC7Wl.jpg',
  headers: 
   { 'content-disposition': 'form-data; name="file"; filename="lol娑娜大胸白丝4k壁纸_彼岸图网.jpg"',
     'content-type': 'image/jpeg' },
  size: 5686263,
  uploadTime: '2018-7-19 11:08:09' }
[2018-07-19T11:31:22.599] [ERROR] cheese - { name: '1.jpg',
  path: 'upload\\Jlsr_U7sO0XM7yIeeF7g37Ke.jpg',
  headers: 
   { 'content-disposition': 'form-data; name="file"; filename="1.jpg"',
     'content-type': 'image/jpeg' },
  size: 4210654,
  uploadTime: '2018-7-19 11:31:22' }
[2018-07-19T11:34:05.955] [ERROR] cheese - { name: '1.jpg',
  path: 'upload\\S-mwIixJagtGWrC3xFTuF5-B.jpg',
  headers: 
   { 'content-disposition': 'form-data; name="file"; filename="1.jpg"',
     'content-type': 'image/jpeg' },
  size: 4210654,
  uploadTime: '2018-7-19 11:34:05' }
[2018-07-19T11:40:00.639] [ERROR] cheese - { name: '3.jpg',
  path: 'upload\\rLgxdK1-zPKOIGvM7Agbjzyd.jpg',
  headers: 
   { 'content-disposition': 'form-data; name="file"; filename="3.jpg"',
     'content-type': 'image/jpeg' },
  size: 3546508,
  uploadTime: '2018-7-19 11:40:00' }
[2018-07-19T11:44:46.374] [ERROR] cheese - { name: '微信图片_20180711230043.jpg',
  path: 'upload\\i8mYmvMAEHtNGcBajgf3yP4D.jpg',
  headers: 
   { 'content-disposition': 'form-data; name="file"; filename="微信图片_20180711230043.jpg"',
     'content-type': 'image/jpeg' },
  size: 1295684,
  uploadTime: '2018-7-19 11:44:46' }
[2018-07-19T11:45:15.065] [ERROR] cheese - { name: '熬药.jpg',
  path: 'upload\\ZDys0iZ6ilFnNWMjtCNIGt8f.jpg',
  headers: 
   { 'content-disposition': 'form-data; name="file"; filename="熬药.jpg"',
     'content-type': 'image/jpeg' },
  size: 1937474,
  uploadTime: '2018-7-19 11:45:15' }
[2018-07-19T14:15:29.520] [ERROR] cheese - { name: '挖矿.jpg',
  path: 'upload\\u0yGrGpgi7C3k66W7pvG_Hsx.jpg',
  headers: 
   { 'content-disposition': 'form-data; name="file"; filename="挖矿.jpg"',
     'content-type': 'image/jpeg' },
  size: 2832780,
  uploadTime: '2018-7-19 14:15:29' }
[2018-07-19T14:15:46.009] [ERROR] cheese - { name: '挖草.jpg',
  path: 'upload\\4Pn4caG9vmcxSR7ThoMd6XiM.jpg',
  headers: 
   { 'content-disposition': 'form-data; name="file"; filename="挖草.jpg"',
     'content-type': 'image/jpeg' },
  size: 2722759,
  uploadTime: '2018-7-19 14:15:46' }
[2018-07-19T15:52:33.183] [ERROR] cheese - { name: '8.jpg',
  path: 'upload\\aUixU_nL6xTlbyf_EyirYHHv.jpg',
  headers: 
   { 'content-disposition': 'form-data; name="file"; filename="8.jpg"',
     'content-type': 'image/jpeg' },
  size: 1757446,
  uploadTime: '2018-7-19 15:52:33' }
