[2018-11-07T15:01:06.850][ERROR  12760  login] [ { _id: 5b0a0e16b872182a34c66ab8,
    username: 'admin',
    password: '8d969eef6ecad3c29a3a629280e686cf0c3f5d5a86aff3ca12020c923adc6c92',
    addTime: 2018-05-27T01:48:00.000Z,
    loginTime: '2018-11-7 15:01:06',
    falseOne: true,
    phone: '13111111111',
    weight: '1',
    access: [ 'summary' ] } ]
[2018-11-07T15:01:07.008][ERROR  12760  upload] {"responseCode":"10001","responseMsg":"成功！","data":{"list":[{"_id":"5bce9149b4e3b641b017eca6","name":"M8810","model":null,"colorNumber":"fs32","number":"100","flieName":null,"flieUrl":null,"addTime":"2018-10-23 11:11:05","purchaseTime":"10/23/18","loginTime":"","Specifications":"800*800","type":"微晶石"},{"_id":"5bce9149b4e3b641b017ec9f","name":"M8814","model":null,"colorNumber":"fs36","number":"100","flieName":null,"flieUrl":null,"addTime":"2018-10-23 11:11:05","purchaseTime":"10/23/18","loginTime":"","Specifications":"800*800","type":"微晶石"},{"_id":"5bce9149b4e3b641b017eca8","name":"M8816","model":null,"colorNumber":"fs38","number":"100","flieName":null,"flieUrl":null,"addTime":"2018-10-23 11:11:05","purchaseTime":"10/23/18","loginTime":"","Specifications":"800*800","type":"微晶石"},{"_id":"5bce9149b4e3b641b017eca0","name":"NHJ8812","model":null,"colorNumber":"fs40","number":"100","flieName":null,"flieUrl":null,"addTime":"2018-10-23 11:11:05","purchaseTime":"10/23/18","loginTime":"","Specifications":"800*800","type":"全抛釉"},{"_id":"5bce9149b4e3b641b017ecaa","name":"NHJ8813","model":null,"colorNumber":"fs41","number":"100","flieName":null,"flieUrl":null,"addTime":"2018-10-23 11:11:05","purchaseTime":"10/23/18","loginTime":"","Specifications":"800*800","type":"全抛釉"},{"_id":"5bce9149b4e3b641b017eca1","name":"M8809","model":null,"colorNumber":"fs31","number":"100","flieName":null,"flieUrl":null,"addTime":"2018-10-23 11:11:05","purchaseTime":"10/23/18","loginTime":"","Specifications":"800*800","type":"微晶石"},{"_id":"5bce9149b4e3b641b017ecab","name":"NHJ8814","model":null,"colorNumber":"fs42","number":"100","flieName":null,"flieUrl":null,"addTime":"2018-10-23 11:11:05","purchaseTime":"10/23/18","loginTime":"","Specifications":"800*800","type":"全抛釉"},{"_id":"5bce9149b4e3b641b017eca5","name":"M8808","model":null,"colorNumber":"fs30","number":"100","flieName":null,"flieUrl":null,"addTime":"2018-10-23 11:11:05","purchaseTime":"10/23/18","loginTime":"","Specifications":"800*800","type":"微晶石"},{"_id":"5bce9149b4e3b641b017eca3","name":"M8815","model":null,"colorNumber":"fs37","number":"100","flieName":null,"flieUrl":null,"addTime":"2018-10-23 11:11:05","purchaseTime":"10/23/18","loginTime":"","Specifications":"800*800","type":"微晶石"},{"_id":"5bce9149b4e3b641b017eca9","name":"M8812","model":null,"colorNumber":"fs34","number":"100","flieName":null,"flieUrl":null,"addTime":"2018-10-23 11:11:05","purchaseTime":"10/23/18","loginTime":"","Specifications":"800*800","type":"微晶石"}],"page":1,"pageSize":10,"totalCount":37,"totalPage":4}}
[2018-11-07T15:04:34.106][ERROR  12760  upload] { responseCode: '10001',
  responseMsg: '请求成功！',
  fileUrl: '/upload/word/新建文本文档.txt' }
[2018-11-07T15:14:48.461][ERROR  12760  upload] {"responseCode":"10001","responseMsg":"成功！","data":{"list":[{"_id":"5bce9149b4e3b641b017eca6","name":"M8810","model":null,"colorNumber":"fs32","number":"100","flieName":null,"flieUrl":null,"addTime":"2018-10-23 11:11:05","purchaseTime":"10/23/18","loginTime":"","Specifications":"800*800","type":"微晶石"},{"_id":"5bce9149b4e3b641b017ec9f","name":"M8814","model":null,"colorNumber":"fs36","number":"100","flieName":null,"flieUrl":null,"addTime":"2018-10-23 11:11:05","purchaseTime":"10/23/18","loginTime":"","Specifications":"800*800","type":"微晶石"},{"_id":"5bce9149b4e3b641b017eca8","name":"M8816","model":null,"colorNumber":"fs38","number":"100","flieName":null,"flieUrl":null,"addTime":"2018-10-23 11:11:05","purchaseTime":"10/23/18","loginTime":"","Specifications":"800*800","type":"微晶石"},{"_id":"5bce9149b4e3b641b017eca0","name":"NHJ8812","model":null,"colorNumber":"fs40","number":"100","flieName":null,"flieUrl":null,"addTime":"2018-10-23 11:11:05","purchaseTime":"10/23/18","loginTime":"","Specifications":"800*800","type":"全抛釉"},{"_id":"5bce9149b4e3b641b017ecaa","name":"NHJ8813","model":null,"colorNumber":"fs41","number":"100","flieName":null,"flieUrl":null,"addTime":"2018-10-23 11:11:05","purchaseTime":"10/23/18","loginTime":"","Specifications":"800*800","type":"全抛釉"},{"_id":"5bce9149b4e3b641b017eca1","name":"M8809","model":null,"colorNumber":"fs31","number":"100","flieName":null,"flieUrl":null,"addTime":"2018-10-23 11:11:05","purchaseTime":"10/23/18","loginTime":"","Specifications":"800*800","type":"微晶石"},{"_id":"5bce9149b4e3b641b017ecab","name":"NHJ8814","model":null,"colorNumber":"fs42","number":"100","flieName":null,"flieUrl":null,"addTime":"2018-10-23 11:11:05","purchaseTime":"10/23/18","loginTime":"","Specifications":"800*800","type":"全抛釉"},{"_id":"5bce9149b4e3b641b017eca5","name":"M8808","model":null,"colorNumber":"fs30","number":"100","flieName":null,"flieUrl":null,"addTime":"2018-10-23 11:11:05","purchaseTime":"10/23/18","loginTime":"","Specifications":"800*800","type":"微晶石"},{"_id":"5bce9149b4e3b641b017eca3","name":"M8815","model":null,"colorNumber":"fs37","number":"100","flieName":null,"flieUrl":null,"addTime":"2018-10-23 11:11:05","purchaseTime":"10/23/18","loginTime":"","Specifications":"800*800","type":"微晶石"},{"_id":"5bce9149b4e3b641b017eca9","name":"M8812","model":null,"colorNumber":"fs34","number":"100","flieName":null,"flieUrl":null,"addTime":"2018-10-23 11:11:05","purchaseTime":"10/23/18","loginTime":"","Specifications":"800*800","type":"微晶石"}],"page":1,"pageSize":10,"totalCount":37,"totalPage":4}}
[2018-11-07T16:20:00.199][ERROR  10696  upload] { responseCode: '10001',
  responseMsg: '请求成功！',
  data: 
   CommandResult {
     result: { n: 1, ok: 1 },
     connection: 
      Connection {
        domain: null,
        _events: [Object],
        _eventsCount: 4,
        _maxListeners: undefined,
        options: [Object],
        id: 0,
        logger: [Object],
        bson: BSON {},
        tag: undefined,
        messageHandler: [Function],
        maxBsonMessageSize: 67108864,
        port: 27017,
        host: 'localhost',
        family: 4,
        keepAlive: true,
        keepAliveInitialDelay: 300000,
        noDelay: true,
        connectionTimeout: 30000,
        socketTimeout: 360000,
        destroyed: false,
        domainSocket: false,
        singleBufferSerializtion: true,
        serializationFunction: 'toBinUnified',
        ca: null,
        crl: null,
        cert: null,
        key: null,
        passphrase: null,
        ssl: false,
        rejectUnauthorized: false,
        checkServerIdentity: true,
        responseOptions: [Object],
        flushing: false,
        queue: [],
        connection: [Object],
        writeStream: null,
        hashedName: '29bafad3b32b11dc7ce934204952515ea5984b3c',
        workItems: [],
        buffer: null,
        sizeOfMessage: 0,
        bytesRead: 0,
        stubBuffer: null },
     message: 
      Response {
        parsed: true,
        index: 60,
        raw: <Buffer 3c 00 00 00 4a 02 00 00 02 00 00 00 01 00 00 00 08 00 00 00 00 00 00 00 00 00 00 00 00 00 00 00 01 00 00 00 18 00 00 00 10 6e 00 01 00 00 00 01 6f 6b ... >,
        data: <Buffer 3c 00 00 00 4a 02 00 00 02 00 00 00 01 00 00 00 08 00 00 00 00 00 00 00 00 00 00 00 00 00 00 00 01 00 00 00 18 00 00 00 10 6e 00 01 00 00 00 01 6f 6b ... >,
        bson: BSON {},
        opts: [Object],
        length: 60,
        requestId: 586,
        responseTo: 2,
        responseFlags: 8,
        cursorId: [Object],
        startingFrom: 0,
        numberReturned: 1,
        documents: [Array],
        cursorNotFound: false,
        queryFailure: false,
        shardConfigStale: false,
        awaitCapable: true,
        promoteLongs: true,
        promoteValues: true,
        promoteBuffers: false,
        hashedName: '29bafad3b32b11dc7ce934204952515ea5984b3c' },
     ops: [ [Object] ],
     insertedCount: 1,
     insertedId: 5be2a030a3a48029c8fd9caf } }
[2018-11-07T16:23:02.509][ERROR  10096  upload] { responseCode: '10001',
  responseMsg: '请求成功！',
  data: 
   CommandResult {
     result: { n: 1, ok: 1 },
     connection: 
      Connection {
        domain: null,
        _events: [Object],
        _eventsCount: 4,
        _maxListeners: undefined,
        options: [Object],
        id: 0,
        logger: [Object],
        bson: BSON {},
        tag: undefined,
        messageHandler: [Function],
        maxBsonMessageSize: 67108864,
        port: 27017,
        host: 'localhost',
        family: 4,
        keepAlive: true,
        keepAliveInitialDelay: 300000,
        noDelay: true,
        connectionTimeout: 30000,
        socketTimeout: 360000,
        destroyed: false,
        domainSocket: false,
        singleBufferSerializtion: true,
        serializationFunction: 'toBinUnified',
        ca: null,
        crl: null,
        cert: null,
        key: null,
        passphrase: null,
        ssl: false,
        rejectUnauthorized: false,
        checkServerIdentity: true,
        responseOptions: [Object],
        flushing: false,
        queue: [],
        connection: [Object],
        writeStream: null,
        hashedName: '29bafad3b32b11dc7ce934204952515ea5984b3c',
        workItems: [],
        buffer: null,
        sizeOfMessage: 0,
        bytesRead: 0,
        stubBuffer: null },
     message: 
      Response {
        parsed: true,
        index: 60,
        raw: <Buffer 3c 00 00 00 7e 02 00 00 02 00 00 00 01 00 00 00 08 00 00 00 00 00 00 00 00 00 00 00 00 00 00 00 01 00 00 00 18 00 00 00 10 6e 00 01 00 00 00 01 6f 6b ... >,
        data: <Buffer 3c 00 00 00 7e 02 00 00 02 00 00 00 01 00 00 00 08 00 00 00 00 00 00 00 00 00 00 00 00 00 00 00 01 00 00 00 18 00 00 00 10 6e 00 01 00 00 00 01 6f 6b ... >,
        bson: BSON {},
        opts: [Object],
        length: 60,
        requestId: 638,
        responseTo: 2,
        responseFlags: 8,
        cursorId: [Object],
        startingFrom: 0,
        numberReturned: 1,
        documents: [Array],
        cursorNotFound: false,
        queryFailure: false,
        shardConfigStale: false,
        awaitCapable: true,
        promoteLongs: true,
        promoteValues: true,
        promoteBuffers: false,
        hashedName: '29bafad3b32b11dc7ce934204952515ea5984b3c' },
     ops: [ [Object] ],
     insertedCount: 1,
     insertedId: 5be2a0e67de7c32770068109 } }
[2018-11-07T16:24:00.079][ERROR  10648  upload] { responseCode: '10001',
  responseMsg: '请求成功！',
  data: 
   CommandResult {
     result: { n: 1, ok: 1 },
     connection: 
      Connection {
        domain: null,
        _events: [Object],
        _eventsCount: 4,
        _maxListeners: undefined,
        options: [Object],
        id: 0,
        logger: [Object],
        bson: BSON {},
        tag: undefined,
        messageHandler: [Function],
        maxBsonMessageSize: 67108864,
        port: 27017,
        host: 'localhost',
        family: 4,
        keepAlive: true,
        keepAliveInitialDelay: 300000,
        noDelay: true,
        connectionTimeout: 30000,
        socketTimeout: 360000,
        destroyed: false,
        domainSocket: false,
        singleBufferSerializtion: true,
        serializationFunction: 'toBinUnified',
        ca: null,
        crl: null,
        cert: null,
        key: null,
        passphrase: null,
        ssl: false,
        rejectUnauthorized: false,
        checkServerIdentity: true,
        responseOptions: [Object],
        flushing: false,
        queue: [],
        connection: [Object],
        writeStream: null,
        hashedName: '29bafad3b32b11dc7ce934204952515ea5984b3c',
        workItems: [],
        buffer: null,
        sizeOfMessage: 0,
        bytesRead: 0,
        stubBuffer: null },
     message: 
      Response {
        parsed: true,
        index: 60,
        raw: <Buffer 3c 00 00 00 8c 02 00 00 02 00 00 00 01 00 00 00 08 00 00 00 00 00 00 00 00 00 00 00 00 00 00 00 01 00 00 00 18 00 00 00 10 6e 00 01 00 00 00 01 6f 6b ... >,
        data: <Buffer 3c 00 00 00 8c 02 00 00 02 00 00 00 01 00 00 00 08 00 00 00 00 00 00 00 00 00 00 00 00 00 00 00 01 00 00 00 18 00 00 00 10 6e 00 01 00 00 00 01 6f 6b ... >,
        bson: BSON {},
        opts: [Object],
        length: 60,
        requestId: 652,
        responseTo: 2,
        responseFlags: 8,
        cursorId: [Object],
        startingFrom: 0,
        numberReturned: 1,
        documents: [Array],
        cursorNotFound: false,
        queryFailure: false,
        shardConfigStale: false,
        awaitCapable: true,
        promoteLongs: true,
        promoteValues: true,
        promoteBuffers: false,
        hashedName: '29bafad3b32b11dc7ce934204952515ea5984b3c' },
     ops: [ [Object] ],
     insertedCount: 1,
     insertedId: 5be2a120b9fb492998ba4751 } }
[2018-11-07T16:27:15.175][ERROR  11916  upload] { responseCode: '10001',
  responseMsg: '请求成功！',
  data: 
   { name: '新建文本文档.txt',
     fileUrl: '/upload/word/新建文本文档.txt',
     _id: 5be2a1e36669112e8c05211e } }
[2018-11-07T16:30:11.819][ERROR  7408  upload] { responseCode: '10001',
  responseMsg: '请求成功！',
  data: 
   { name: '新建文本文档.txt',
     fileUrl: '/upload/word/新建文本文档.txt',
     _id: 5be2a2935a56f31cf0a61cce } }
[2018-11-07T17:03:05.146][ERROR  2472  upload] { responseCode: '10001',
  responseMsg: '请求成功！',
  data: 
   { name: '新建文本文档.txt',
     fileUrl: '/upload/word/新建文本文档.txt',
     _id: 5be2aa4982a92409a8c05410 } }
[2018-11-07T17:51:56.972][ERROR  2472  upload] { responseCode: '10001',
  responseMsg: '请求成功！',
  data: 
   { name: '新建文本文档.txt',
     fileUrl: '/upload/word/新建文本文档.txt',
     _id: 5be2b5bc82a92409a8c05411 } }
[2018-11-07T17:52:26.426][ERROR  13284  upload] { responseCode: '10001',
  responseMsg: '请求成功！',
  data: 
   { name: '新建文本文档.txt',
     fileUrl: '/upload/word/新建文本文档.txt',
     _id: 5be2b5dab2a44333e42d07d7 } }
[2018-11-07T17:53:32.590][ERROR  5152  upload] { responseCode: '10001',
  responseMsg: '请求成功！',
  data: 
   { name: '新建文本文档.txt',
     fileUrl: '/upload/word/新建文本文档.txt',
     _id: 5be2b61c14d83f14205c4d2f } }
